f:\demo\lwlgen\lwlgen\x64\debug\vc120.pdb
f:\demo\lwlgen\lwlgen\x64\debug\vc120.idb
f:\demo\lwlgen\lwlgen\x64\debug\main.obj
f:\demo\lwlgen\lwlgen\x64\debug\predicates.obj
f:\demo\lwlgen\lwlgen\x64\debug\tetgen.obj
f:\demo\bin\win-x64\lwlgen.ilk
f:\demo\bin\win-x64\lwlgen.exe
f:\demo\bin\win-x64\lwlgen.pdb
f:\lijun\lwlgen\lwlgen\lwlgen\lwlgen\x64\debug\main.obj
f:\lijun\lwlgen\lwlgen\lwlgen\lwlgen\x64\debug\predicates.obj
f:\lijun\lwlgen\lwlgen\lwlgen\lwlgen\x64\debug\tetgen.obj
f:\lijun\lwlgen\lwlgen\lwlgen\lwlgen\x64\debug\vc120.idb
f:\lijun\lwlgen\lwlgen\lwlgen\lwlgen\x64\debug\vc120.pdb
f:\lijun\lwlgen\lwlgen\lwlgen\lwlgen\../../bin/win-x64\lwlgen.exe
f:\lijun\lwlgen\lwlgen\lwlgen\lwlgen\x64\debug\lwlgen.tlog\cl.command.1.tlog
f:\lijun\lwlgen\lwlgen\lwlgen\lwlgen\x64\debug\lwlgen.tlog\cl.read.1.tlog
f:\lijun\lwlgen\lwlgen\lwlgen\lwlgen\x64\debug\lwlgen.tlog\cl.write.1.tlog
f:\lijun\lwlgen\lwlgen\lwlgen\lwlgen\x64\debug\lwlgen.tlog\link.command.1.tlog
f:\lijun\lwlgen\lwlgen\lwlgen\lwlgen\x64\debug\lwlgen.tlog\link.read.1.tlog
f:\lijun\lwlgen\lwlgen\lwlgen\lwlgen\x64\debug\lwlgen.tlog\link.write.1.tlog
